[debug] [2022-06-10T14:06:49.183Z] ----------------------------------------------------------------------
[debug] [2022-06-10T14:06:49.185Z] Command:       C:\Program Files\nodejs\node.exe F:\Portfolio-master\node_modules\firebase-tools\lib\bin\firebase.js init
[debug] [2022-06-10T14:06:49.186Z] CLI Version:   11.0.1
[debug] [2022-06-10T14:06:49.186Z] Platform:      win32
[debug] [2022-06-10T14:06:49.186Z] Node Version:  v16.15.1
[debug] [2022-06-10T14:06:49.186Z] Time:          Fri Jun 10 2022 19:06:49 GMT+0500 (Pakistan Standard Time)
[debug] [2022-06-10T14:06:49.186Z] ----------------------------------------------------------------------
[debug] 
[debug] [2022-06-10T14:06:49.192Z] > command requires scopes: ["email","openid","https://www.googleapis.com/auth/cloudplatformprojects.readonly","https://www.googleapis.com/auth/firebase","https://www.googleapis.com/auth/cloud-platform"]
[debug] [2022-06-10T14:06:49.192Z] > authorizing via signed-in user (maarij12a@gmail.com)
[info] 
     ######## #### ########  ######## ########     ###     ######  ########
     ##        ##  ##     ## ##       ##     ##  ##   ##  ##       ##
     ######    ##  ########  ######   ########  #########  ######  ######
     ##        ##  ##    ##  ##       ##     ## ##     ##       ## ##
     ##       #### ##     ## ######## ########  ##     ##  ######  ########

You're about to initialize a Firebase project in this directory:

  F:\Portfolio-master

[info] 
=== Project Setup
[info] 
[info] First, let's associate this project directory with a Firebase project.
[info] You can create multiple project aliases by running firebase use --add, 
[info] but for now we'll just set up a default project.
[info] 
[debug] [2022-06-10T14:07:08.891Z] >>> [apiv2][query] GET https://firebase.googleapis.com/v1beta1/projects pageSize=100
[debug] [2022-06-10T14:07:09.732Z] <<< [apiv2][status] GET https://firebase.googleapis.com/v1beta1/projects 200
[debug] [2022-06-10T14:07:09.733Z] <<< [apiv2][body] GET https://firebase.googleapis.com/v1beta1/projects [omitted]
[info] i  Using project protfolio-noor (protfolio-noor) 
[info] 
=== Hosting Setup
[info] 
[info] Your public directory is the folder (relative to your project directory) that
[info] will contain Hosting assets to be uploaded with firebase deploy. If you
[info] have a build process for your assets, use your build's output directory.
[info] 
[debug] [2022-06-10T14:07:56.309Z] ----------------------------------------------------------------------
[debug] [2022-06-10T14:07:56.310Z] Command:       C:\Program Files\nodejs\node.exe F:\Portfolio-master\node_modules\firebase-tools\lib\bin\firebase.js init
[debug] [2022-06-10T14:07:56.311Z] CLI Version:   11.0.1
[debug] [2022-06-10T14:07:56.311Z] Platform:      win32
[debug] [2022-06-10T14:07:56.311Z] Node Version:  v16.15.1
[debug] [2022-06-10T14:07:56.312Z] Time:          Fri Jun 10 2022 19:07:56 GMT+0500 (Pakistan Standard Time)
[debug] [2022-06-10T14:07:56.312Z] ----------------------------------------------------------------------
[debug] 
[debug] [2022-06-10T14:07:56.317Z] > command requires scopes: ["email","openid","https://www.googleapis.com/auth/cloudplatformprojects.readonly","https://www.googleapis.com/auth/firebase","https://www.googleapis.com/auth/cloud-platform"]
[debug] [2022-06-10T14:07:56.317Z] > authorizing via signed-in user (maarij12a@gmail.com)
[info] 
     ######## #### ########  ######## ########     ###     ######  ########
     ##        ##  ##     ## ##       ##     ##  ##   ##  ##       ##
     ######    ##  ########  ######   ########  #########  ######  ######
     ##        ##  ##    ##  ##       ##     ## ##     ##       ## ##
     ##       #### ##     ## ######## ########  ##     ##  ######  ########

You're about to initialize a Firebase project in this directory:

  F:\Portfolio-master

[info] 
=== Project Setup
[info] 
[info] First, let's associate this project directory with a Firebase project.
[info] You can create multiple project aliases by running firebase use --add, 
[info] but for now we'll just set up a default project.
[info] 
[debug] [2022-06-10T14:08:08.549Z] >>> [apiv2][query] GET https://firebase.googleapis.com/v1beta1/projects pageSize=100
[debug] [2022-06-10T14:08:09.340Z] <<< [apiv2][status] GET https://firebase.googleapis.com/v1beta1/projects 200
[debug] [2022-06-10T14:08:09.340Z] <<< [apiv2][body] GET https://firebase.googleapis.com/v1beta1/projects [omitted]
[info] i  Using project protfolio-noor (protfolio-noor) 
[info] 
=== Hosting Setup
[info] 
[info] Your public directory is the folder (relative to your project directory) that
[info] will contain Hosting assets to be uploaded with firebase deploy. If you
[info] have a build process for your assets, use your build's output directory.
[info] 
[debug] [2022-06-10T14:08:34.201Z] Error: kill ENOSYS
    at process.kill (node:internal/process/per_thread:220:13)
    at process.listener (F:\Portfolio-master\node_modules\firebase-tools\node_modules\signal-exit\index.js:95:15)
    at process.emit (node:events:527:28)
[error] 
[error] Error: An unexpected error has occurred.
